[32m[I 2025-07-31 21:26:58,149][0m A new study created in memory with name: no-name-6f379041-aa7d-47b9-97b9-a3dd4f0584dd[0m
Number of total agents is:  22

Number of human agents is:  22

Number of machine agents (autonomous vehicles) is:  0

Number of total agents is:  22

Number of human agents is:  12

Number of machine agents (autonomous vehicles) is:  10

Going to start training
Testing: : 400it [03:32,  1.88it/s]                                                                               
[32m[I 2025-07-31 21:30:43,995][0m Trial 0 finished with value: 0.9700000000000001 and parameters: {'beta': 2.5, 'alpha': 0.2}. Best is trial 0 with value: 0.9700000000000001.[0m


Number of total agents is:  22

Number of human agents is:  22

Number of machine agents (autonomous vehicles) is:  0

Number of total agents is:  22

Number of human agents is:  12

Number of machine agents (autonomous vehicles) is:  10

Going to start training
Testing: : 400it [04:20,  1.54it/s]                                                                               
[32m[I 2025-07-31 21:35:27,672][0m Trial 1 finished with value: 1.096666666666667 and parameters: {'beta': 9.5, 'alpha': 0.3}. Best is trial 0 with value: 0.9700000000000001.[0m


Number of total agents is:  22

Number of human agents is:  22

Number of machine agents (autonomous vehicles) is:  0

Number of total agents is:  22

Number of human agents is:  12

Number of machine agents (autonomous vehicles) is:  10

Going to start training
Testing: : 400it [03:17,  2.03it/s]                                                                               
[32m[I 2025-07-31 21:39:05,145][0m Trial 2 finished with value: 1.0150000000000001 and parameters: {'beta': 1.0, 'alpha': 0.1}. Best is trial 0 with value: 0.9700000000000001.[0m


Number of total agents is:  22

Number of human agents is:  22

Number of machine agents (autonomous vehicles) is:  0

Number of total agents is:  22

Number of human agents is:  12

Number of machine agents (autonomous vehicles) is:  10

Going to start training
Testing: : 400it [01:56,  3.44it/s]                                                                               
[32m[I 2025-07-31 21:41:15,594][0m Trial 3 finished with value: 1.0583333333333331 and parameters: {'beta': 10.0, 'alpha': 0.3}. Best is trial 0 with value: 0.9700000000000001.[0m


Number of total agents is:  22

Number of human agents is:  22

Number of machine agents (autonomous vehicles) is:  0

Number of total agents is:  22

Number of human agents is:  12

Number of machine agents (autonomous vehicles) is:  10

Going to start training
Testing: : 400it [01:46,  3.77it/s]                                                                               
[32m[I 2025-07-31 21:43:15,963][0m Trial 4 finished with value: 0.9566666666666667 and parameters: {'beta': 0.5, 'alpha': 0.5}. Best is trial 4 with value: 0.9566666666666667.[0m


Number of total agents is:  22

Number of human agents is:  22

Number of machine agents (autonomous vehicles) is:  0

Number of total agents is:  22

Number of human agents is:  12

Number of machine agents (autonomous vehicles) is:  10

Going to start training
Testing: : 400it [01:47,  3.73it/s]                                                                               
[32m[I 2025-07-31 21:45:17,406][0m Trial 5 finished with value: 1.0533333333333332 and parameters: {'beta': 3.0, 'alpha': 0.3}. Best is trial 4 with value: 0.9566666666666667.[0m


Number of total agents is:  22

Number of human agents is:  22

Number of machine agents (autonomous vehicles) is:  0

Number of total agents is:  22

Number of human agents is:  12

Number of machine agents (autonomous vehicles) is:  10

Going to start training
Testing: : 400it [02:31,  2.64it/s]                                                                               
[32m[I 2025-07-31 21:48:03,439][0m Trial 6 finished with value: 1.0100000000000002 and parameters: {'beta': 8.0, 'alpha': 0.1}. Best is trial 4 with value: 0.9566666666666667.[0m


Number of total agents is:  22

Number of human agents is:  22

Number of machine agents (autonomous vehicles) is:  0

Number of total agents is:  22

Number of human agents is:  12

Number of machine agents (autonomous vehicles) is:  10

Going to start training
Testing: : 400it [01:47,  3.73it/s]                                                                               
[32m[I 2025-07-31 21:50:05,267][0m Trial 7 finished with value: 1.065 and parameters: {'beta': 8.0, 'alpha': 0.5}. Best is trial 4 with value: 0.9566666666666667.[0m


Number of total agents is:  22

Number of human agents is:  22

Number of machine agents (autonomous vehicles) is:  0

Number of total agents is:  22

Number of human agents is:  12

Number of machine agents (autonomous vehicles) is:  10

Going to start training
Testing: : 400it [03:54,  1.71it/s]                                                                               
[32m[I 2025-07-31 21:54:13,614][0m Trial 8 finished with value: 1.1466666666666665 and parameters: {'beta': 7.0, 'alpha': 0.3}. Best is trial 4 with value: 0.9566666666666667.[0m


Number of total agents is:  22

Number of human agents is:  22

Number of machine agents (autonomous vehicles) is:  0

Number of total agents is:  22

Number of human agents is:  12

Number of machine agents (autonomous vehicles) is:  10

Going to start training
Testing: : 400it [01:40,  4.00it/s]                                                                               
[32m[I 2025-07-31 21:56:06,899][0m Trial 9 finished with value: 0.9700000000000001 and parameters: {'beta': 1.5, 'alpha': 0.3}. Best is trial 4 with value: 0.9566666666666667.[0m


Number of total agents is:  22

Number of human agents is:  22

Number of machine agents (autonomous vehicles) is:  0

Number of total agents is:  22

Number of human agents is:  12

Number of machine agents (autonomous vehicles) is:  10

Going to start training
Testing: : 400it [01:40,  4.00it/s]                                                                               
[32m[I 2025-07-31 21:58:01,556][0m Trial 10 finished with value: 1.0133333333333334 and parameters: {'beta': 1.5, 'alpha': 0.4}. Best is trial 4 with value: 0.9566666666666667.[0m


Number of total agents is:  22

Number of human agents is:  22

Number of machine agents (autonomous vehicles) is:  0

Number of total agents is:  22

Number of human agents is:  12

Number of machine agents (autonomous vehicles) is:  10

Going to start training
Testing: : 400it [03:52,  1.72it/s]                                                                               
[32m[I 2025-07-31 22:02:12,213][0m Trial 11 finished with value: 1.0416666666666665 and parameters: {'beta': 6.5, 'alpha': 0.5}. Best is trial 4 with value: 0.9566666666666667.[0m


Number of total agents is:  22

Number of human agents is:  22

Number of machine agents (autonomous vehicles) is:  0

Number of total agents is:  22

Number of human agents is:  12

Number of machine agents (autonomous vehicles) is:  10

Going to start training
Testing: : 400it [03:35,  1.85it/s]                                                                               
[32m[I 2025-07-31 22:06:08,446][0m Trial 12 finished with value: 1.1466666666666667 and parameters: {'beta': 4.5, 'alpha': 0.3}. Best is trial 4 with value: 0.9566666666666667.[0m


Number of total agents is:  22

Number of human agents is:  22

Number of machine agents (autonomous vehicles) is:  0

Number of total agents is:  22

Number of human agents is:  12

Number of machine agents (autonomous vehicles) is:  10

Going to start training
Testing: : 400it [01:46,  3.74it/s]                                                                               
[32m[I 2025-07-31 22:08:09,168][0m Trial 13 finished with value: 1.0833333333333333 and parameters: {'beta': 6.5, 'alpha': 0.1}. Best is trial 4 with value: 0.9566666666666667.[0m


Number of total agents is:  22

Number of human agents is:  22

Number of machine agents (autonomous vehicles) is:  0

Number of total agents is:  22

Number of human agents is:  12

Number of machine agents (autonomous vehicles) is:  10

Going to start training
Testing: : 400it [01:32,  4.34it/s]                                                                               
[32m[I 2025-07-31 22:09:55,468][0m Trial 14 finished with value: 0.9700000000000001 and parameters: {'beta': 3.5, 'alpha': 0.1}. Best is trial 4 with value: 0.9566666666666667.[0m


Number of total agents is:  22

Number of human agents is:  22

Number of machine agents (autonomous vehicles) is:  0

Number of total agents is:  22

Number of human agents is:  12

Number of machine agents (autonomous vehicles) is:  10

Going to start training
Testing: : 400it [01:08,  5.84it/s]                                                                               
[32m[I 2025-07-31 22:11:13,673][0m Trial 15 finished with value: 1.0616666666666665 and parameters: {'beta': 4.5, 'alpha': 0.2}. Best is trial 4 with value: 0.9566666666666667.[0m


Number of total agents is:  22

Number of human agents is:  22

Number of machine agents (autonomous vehicles) is:  0

Number of total agents is:  22

Number of human agents is:  12

Number of machine agents (autonomous vehicles) is:  10

Going to start training
Testing: : 400it [01:12,  5.50it/s]                                                                               
[32m[I 2025-07-31 22:12:36,700][0m Trial 16 finished with value: 0.9566666666666667 and parameters: {'beta': 0.5, 'alpha': 0.2}. Best is trial 4 with value: 0.9566666666666667.[0m


Number of total agents is:  22

Number of human agents is:  22

Number of machine agents (autonomous vehicles) is:  0

Number of total agents is:  22

Number of human agents is:  12

Number of machine agents (autonomous vehicles) is:  10

Going to start training
Testing: : 400it [03:21,  1.98it/s]                                                                               
[32m[I 2025-07-31 22:16:09,184][0m Trial 17 finished with value: 1.0399999999999998 and parameters: {'beta': 1.5, 'alpha': 0.2}. Best is trial 4 with value: 0.9566666666666667.[0m


Number of total agents is:  22

Number of human agents is:  22

Number of machine agents (autonomous vehicles) is:  0

Number of total agents is:  22

Number of human agents is:  12

Number of machine agents (autonomous vehicles) is:  10

Going to start training
Testing: : 400it [01:22,  4.85it/s]                                                                               
[32m[I 2025-07-31 22:17:49,519][0m Trial 18 finished with value: 1.2516666666666665 and parameters: {'beta': 6.0, 'alpha': 0.2}. Best is trial 4 with value: 0.9566666666666667.[0m


Number of total agents is:  22

Number of human agents is:  22

Number of machine agents (autonomous vehicles) is:  0

Number of total agents is:  22

Number of human agents is:  12

Number of machine agents (autonomous vehicles) is:  10

Going to start training
Testing: : 400it [01:45,  3.80it/s]                                                                               
[32m[I 2025-07-31 22:19:45,916][0m Trial 19 finished with value: 1.1183333333333332 and parameters: {'beta': 4.0, 'alpha': 0.1}. Best is trial 4 with value: 0.9566666666666667.[0m


Number of total agents is:  22

Number of human agents is:  22

Number of machine agents (autonomous vehicles) is:  0

Number of total agents is:  22

Number of human agents is:  12

Number of machine agents (autonomous vehicles) is:  10

Going to start training
Testing: : 400it [01:51,  3.57it/s]                                                                               
[32m[I 2025-07-31 22:21:48,472][0m Trial 20 finished with value: 0.9566666666666667 and parameters: {'beta': 0.5, 'alpha': 0.3}. Best is trial 4 with value: 0.9566666666666667.[0m


Number of total agents is:  22

Number of human agents is:  22

Number of machine agents (autonomous vehicles) is:  0

Number of total agents is:  22

Number of human agents is:  12

Number of machine agents (autonomous vehicles) is:  10

Going to start training
Testing: : 400it [02:11,  3.05it/s]                                                                               
[32m[I 2025-07-31 22:24:14,552][0m Trial 21 finished with value: 1.0316666666666667 and parameters: {'beta': 2.5, 'alpha': 0.4}. Best is trial 4 with value: 0.9566666666666667.[0m


Number of total agents is:  22

Number of human agents is:  22

Number of machine agents (autonomous vehicles) is:  0

Number of total agents is:  22

Number of human agents is:  12

Number of machine agents (autonomous vehicles) is:  10

Going to start training
Testing: : 400it [01:23,  4.81it/s]                                                               
[32m[I 2025-07-31 22:25:48,080][0m Trial 22 finished with value: 1.0466666666666666 and parameters: {'beta': 1.5, 'alpha': 0.1}. Best is trial 4 with value: 0.9566666666666667.[0m


Number of total agents is:  22

Number of human agents is:  22

Number of machine agents (autonomous vehicles) is:  0

Number of total agents is:  22

Number of human agents is:  12

Number of machine agents (autonomous vehicles) is:  10

Going to start training
Testing: : 400it [01:42,  3.88it/s]                                                               
[32m[I 2025-07-31 22:27:42,430][0m Trial 23 finished with value: 1.1716666666666666 and parameters: {'beta': 5.5, 'alpha': 0.4}. Best is trial 4 with value: 0.9566666666666667.[0m


Number of total agents is:  22

Number of human agents is:  22

Number of machine agents (autonomous vehicles) is:  0

Number of total agents is:  22

Number of human agents is:  12

Number of machine agents (autonomous vehicles) is:  10

Going to start training
Testing: : 400it [01:49,  3.66it/s]                                                      
[32m[I 2025-07-31 22:29:44,768][0m Trial 24 finished with value: 1.1949999999999998 and parameters: {'beta': 9.5, 'alpha': 0.4}. Best is trial 4 with value: 0.9566666666666667.[0m


Number of total agents is:  22

Number of human agents is:  22

Number of machine agents (autonomous vehicles) is:  0

Number of total agents is:  22

Number of human agents is:  12

Number of machine agents (autonomous vehicles) is:  10

Going to start training
 ... (more hidden) ...
[32m[I 2025-07-31 22:33:58,610][0m Trial 25 finished with value: 1.1883333333333335 and parameters: {'beta': 6.0, 'alpha': 0.4}. Best is trial 4 with value: 0.9566666666666667.[0m


Number of total agents is:  22

Number of human agents is:  22

Number of machine agents (autonomous vehicles) is:  0

Number of total agents is:  22

Number of human agents is:  12

Number of machine agents (autonomous vehicles) is:  10

Going to start training
 ... (more hidden) ...
[32m[I 2025-07-31 22:36:54,485][0m Trial 26 finished with value: 1.0983333333333332 and parameters: {'beta': 3.0, 'alpha': 0.1}. Best is trial 4 with value: 0.9566666666666667.[0m


Number of total agents is:  22

Number of human agents is:  22

Number of machine agents (autonomous vehicles) is:  0

Number of total agents is:  22

Number of human agents is:  12

Number of machine agents (autonomous vehicles) is:  10

Going to start training
Testing: : 400it [02:06,  3.16it/s]                                                      
[32m[I 2025-07-31 22:39:14,049][0m Trial 27 finished with value: 1.0050000000000001 and parameters: {'beta': 1.0, 'alpha': 0.5}. Best is trial 4 with value: 0.9566666666666667.[0m


Number of total agents is:  22

Number of human agents is:  22

Number of machine agents (autonomous vehicles) is:  0

Number of total agents is:  22

Number of human agents is:  12

Number of machine agents (autonomous vehicles) is:  10

Going to start training
Testing: : 400it [01:23,  4.80it/s]                                                      
[32m[I 2025-07-31 22:40:58,278][0m Trial 28 finished with value: 0.9566666666666667 and parameters: {'beta': 0.1, 'alpha': 0.5}. Best is trial 4 with value: 0.9566666666666667.[0m


Number of total agents is:  22

Number of human agents is:  22

Number of machine agents (autonomous vehicles) is:  0

Number of total agents is:  22

Number of human agents is:  12

Number of machine agents (autonomous vehicles) is:  10

Going to start training
Testing: : 400it [01:31,  4.37it/s]                                                      
[32m[I 2025-07-31 22:42:40,811][0m Trial 29 finished with value: 1.0283333333333333 and parameters: {'beta': 8.0, 'alpha': 0.4}. Best is trial 4 with value: 0.9566666666666667.[0m


Number of total agents is:  22

Number of human agents is:  22

Number of machine agents (autonomous vehicles) is:  0

Number of total agents is:  22

Number of human agents is:  12

Number of machine agents (autonomous vehicles) is:  10

Going to start training
Testing: : 400it [01:27,  4.57it/s]                                                      
[32m[I 2025-07-31 22:44:19,070][0m Trial 30 finished with value: 0.9566666666666667 and parameters: {'beta': 0.1, 'alpha': 0.4}. Best is trial 4 with value: 0.9566666666666667.[0m


Number of total agents is:  22

Number of human agents is:  22

Number of machine agents (autonomous vehicles) is:  0

Number of total agents is:  22

Number of human agents is:  12

Number of machine agents (autonomous vehicles) is:  10

Going to start training
Testing: : 400it [01:49,  3.64it/s]                                                      
[32m[I 2025-07-31 22:46:19,913][0m Trial 31 finished with value: 1.0166666666666666 and parameters: {'beta': 7.0, 'alpha': 0.5}. Best is trial 4 with value: 0.9566666666666667.[0m


Number of total agents is:  22

Number of human agents is:  22

Number of machine agents (autonomous vehicles) is:  0

Number of total agents is:  22

Number of human agents is:  12

Number of machine agents (autonomous vehicles) is:  10

Going to start training
Testing: : 400it [03:39,  1.82it/s]                                                      
[32m[I 2025-07-31 22:50:14,734][0m Trial 32 finished with value: 1.0483333333333333 and parameters: {'beta': 3.5, 'alpha': 0.5}. Best is trial 4 with value: 0.9566666666666667.[0m


Number of total agents is:  22

Number of human agents is:  22

Number of machine agents (autonomous vehicles) is:  0

Number of total agents is:  22

Number of human agents is:  12

Number of machine agents (autonomous vehicles) is:  10

Going to start training
Testing: : 400it [01:35,  4.19it/s]                                                      
[32m[I 2025-07-31 22:52:01,815][0m Trial 33 finished with value: 1.1433333333333333 and parameters: {'beta': 4.0, 'alpha': 0.4}. Best is trial 4 with value: 0.9566666666666667.[0m


Number of total agents is:  22

Number of human agents is:  22

Number of machine agents (autonomous vehicles) is:  0

Number of total agents is:  22

Number of human agents is:  12

Number of machine agents (autonomous vehicles) is:  10

Going to start training
Testing: : 400it [01:46,  3.77it/s]                                                              
[32m[I 2025-07-31 22:53:58,726][0m Trial 34 finished with value: 1.2049999999999998 and parameters: {'beta': 5.5, 'alpha': 0.3}. Best is trial 4 with value: 0.9566666666666667.[0m


Number of total agents is:  22

Number of human agents is:  22

Number of machine agents (autonomous vehicles) is:  0

Number of total agents is:  22

Number of human agents is:  12

Number of machine agents (autonomous vehicles) is:  10

Going to start training
Testing: : 400it [03:47,  1.75it/s]                                                              
[32m[I 2025-07-31 22:58:01,246][0m Trial 35 finished with value: 1.1533333333333333 and parameters: {'beta': 3.0, 'alpha': 0.2}. Best is trial 4 with value: 0.9566666666666667.[0m


Number of total agents is:  22

Number of human agents is:  22

Number of machine agents (autonomous vehicles) is:  0

Number of total agents is:  22

Number of human agents is:  12

Number of machine agents (autonomous vehicles) is:  10

Going to start training
Testing: : 400it [03:07,  2.13it/s]                                                              
[32m[I 2025-07-31 23:01:23,466][0m Trial 36 finished with value: 1.1166666666666667 and parameters: {'beta': 9.0, 'alpha': 0.1}. Best is trial 4 with value: 0.9566666666666667.[0m


Number of total agents is:  22

Number of human agents is:  22

Number of machine agents (autonomous vehicles) is:  0

Number of total agents is:  22

Number of human agents is:  12

Number of machine agents (autonomous vehicles) is:  10

Going to start training
Testing: : 400it [03:48,  1.75it/s]                                                              
[32m[I 2025-07-31 23:05:25,258][0m Trial 37 finished with value: 1.0050000000000001 and parameters: {'beta': 8.5, 'alpha': 0.3}. Best is trial 4 with value: 0.9566666666666667.[0m


Number of total agents is:  22

Number of human agents is:  22

Number of machine agents (autonomous vehicles) is:  0

Number of total agents is:  22

Number of human agents is:  12

Number of machine agents (autonomous vehicles) is:  10

Going to start training
Testing: : 400it [03:00,  2.22it/s]                                                              
[32m[I 2025-07-31 23:08:37,056][0m Trial 38 finished with value: 1.1483333333333332 and parameters: {'beta': 3.0, 'alpha': 0.5}. Best is trial 4 with value: 0.9566666666666667.[0m


Number of total agents is:  22

Number of human agents is:  22

Number of machine agents (autonomous vehicles) is:  0

Number of total agents is:  22

Number of human agents is:  12

Number of machine agents (autonomous vehicles) is:  10

Going to start training
Testing: : 400it [01:27,  4.60it/s]                                                      
