[32m[I 2025-07-31 23:10:16,188][0m Trial 39 finished with value: 1.0566666666666666 and parameters: {'beta': 9.0, 'alpha': 0.3}. Best is trial 4 with value: 0.9566666666666667.[0m


Number of total agents is:  22

Number of human agents is:  22

Number of machine agents (autonomous vehicles) is:  0

Number of total agents is:  22

Number of human agents is:  12

Number of machine agents (autonomous vehicles) is:  10

Going to start training
Testing: : 400it [02:42,  2.46it/s]                                                      
[32m[I 2025-07-31 23:13:12,490][0m Trial 40 finished with value: 1.1133333333333333 and parameters: {'beta': 5.0, 'alpha': 0.5}. Best is trial 4 with value: 0.9566666666666667.[0m


Number of total agents is:  22

Number of human agents is:  22

Number of machine agents (autonomous vehicles) is:  0

Number of total agents is:  22

Number of human agents is:  12

Number of machine agents (autonomous vehicles) is:  10

Going to start training
 ... (more hidden) ...
[32m[I 2025-07-31 23:15:58,972][0m Trial 41 finished with value: 1.0816666666666666 and parameters: {'beta': 10.0, 'alpha': 0.5}. Best is trial 4 with value: 0.9566666666666667.[0m


Number of total agents is:  22

Number of human agents is:  22

Number of machine agents (autonomous vehicles) is:  0

Number of total agents is:  22

Number of human agents is:  12

Number of machine agents (autonomous vehicles) is:  10

Going to start training
Testing: : 400it [02:03,  3.23it/s]                                                      
[32m[I 2025-07-31 23:18:14,122][0m Trial 42 finished with value: 0.9566666666666667 and parameters: {'beta': 0.5, 'alpha': 0.1}. Best is trial 4 with value: 0.9566666666666667.[0m


Number of total agents is:  22

Number of human agents is:  22

Number of machine agents (autonomous vehicles) is:  0

Number of total agents is:  22

Number of human agents is:  12

Number of machine agents (autonomous vehicles) is:  10

Going to start training
Testing: : 400it [03:28,  1.92it/s]                                                      
[32m[I 2025-07-31 23:21:57,380][0m Trial 43 finished with value: 1.1566666666666667 and parameters: {'beta': 6.5, 'alpha': 0.4}. Best is trial 4 with value: 0.9566666666666667.[0m


Number of total agents is:  22

Number of human agents is:  22

Number of machine agents (autonomous vehicles) is:  0

Number of total agents is:  22

Number of human agents is:  12

Number of machine agents (autonomous vehicles) is:  10

Going to start training
Testing: : 400it [03:31,  1.89it/s]                                                      
[32m[I 2025-07-31 23:25:44,972][0m Trial 44 finished with value: 0.9566666666666667 and parameters: {'beta': 0.1, 'alpha': 0.3}. Best is trial 4 with value: 0.9566666666666667.[0m


Number of total agents is:  22

Number of human agents is:  22

Number of machine agents (autonomous vehicles) is:  0

Number of total agents is:  22

Number of human agents is:  12

Number of machine agents (autonomous vehicles) is:  10

Going to start training
Testing: : 400it [01:19,  5.01it/s]                                                      
[32m[I 2025-07-31 23:27:25,059][0m Trial 45 finished with value: 1.105 and parameters: {'beta': 10.0, 'alpha': 0.2}. Best is trial 4 with value: 0.9566666666666667.[0m


Number of total agents is:  22

Number of human agents is:  22

Number of machine agents (autonomous vehicles) is:  0

Number of total agents is:  22

Number of human agents is:  12

Number of machine agents (autonomous vehicles) is:  10

Going to start training
Testing: : 400it [02:54,  2.29it/s]                                                      
[32m[I 2025-07-31 23:30:32,999][0m Trial 46 finished with value: 0.9700000000000001 and parameters: {'beta': 2.0, 'alpha': 0.1}. Best is trial 4 with value: 0.9566666666666667.[0m


Number of total agents is:  22

Number of human agents is:  22

Number of machine agents (autonomous vehicles) is:  0

Number of total agents is:  22

Number of human agents is:  12

Number of machine agents (autonomous vehicles) is:  10

Going to start training
Testing: : 400it [01:13,  5.44it/s]                                                      
[32m[I 2025-07-31 23:31:59,483][0m Trial 47 finished with value: 1.1500000000000001 and parameters: {'beta': 7.5, 'alpha': 0.1}. Best is trial 4 with value: 0.9566666666666667.[0m


Number of total agents is:  22

Number of human agents is:  22

Number of machine agents (autonomous vehicles) is:  0

Number of total agents is:  22

Number of human agents is:  12

Number of machine agents (autonomous vehicles) is:  10

Going to start training
Testing: : 400it [01:24,  4.74it/s]                                                      
[32m[I 2025-07-31 23:33:33,969][0m Trial 48 finished with value: 0.9566666666666667 and parameters: {'beta': 8.5, 'alpha': 0.1}. Best is trial 4 with value: 0.9566666666666667.[0m


Number of total agents is:  22

Number of human agents is:  22

Number of machine agents (autonomous vehicles) is:  0

Number of total agents is:  22

Number of human agents is:  12

Number of machine agents (autonomous vehicles) is:  10

Going to start training
Testing: : 400it [01:17,  5.16it/s]                                                      
[32m[I 2025-07-31 23:35:02,120][0m Trial 49 finished with value: 1.0599999999999998 and parameters: {'beta': 9.5, 'alpha': 0.2}. Best is trial 4 with value: 0.9566666666666667.[0m


Number of total agents is:  22

Number of human agents is:  22

Number of machine agents (autonomous vehicles) is:  0

Number of total agents is:  22

Number of human agents is:  12

Number of machine agents (autonomous vehicles) is:  10

Going to start training
Testing: : 400it [01:13,  5.46it/s]                                                      
[32m[I 2025-07-31 23:36:25,877][0m Trial 50 finished with value: 1.1483333333333332 and parameters: {'beta': 8.5, 'alpha': 0.2}. Best is trial 4 with value: 0.9566666666666667.[0m


Number of total agents is:  22

Number of human agents is:  22

Number of machine agents (autonomous vehicles) is:  0

Number of total agents is:  22

Number of human agents is:  12

Number of machine agents (autonomous vehicles) is:  10

Going to start training
Testing: : 400it [01:19,  5.01it/s]                                                      
[32m[I 2025-07-31 23:37:56,329][0m Trial 51 finished with value: 0.9700000000000001 and parameters: {'beta': 2.5, 'alpha': 0.1}. Best is trial 4 with value: 0.9566666666666667.[0m


Number of total agents is:  22

Number of human agents is:  22

Number of machine agents (autonomous vehicles) is:  0

Number of total agents is:  22

Number of human agents is:  12

Number of machine agents (autonomous vehicles) is:  10

Going to start training
Testing: : 400it [01:24,  4.75it/s]                                                      
[32m[I 2025-07-31 23:39:31,311][0m Trial 52 finished with value: 1.2200000000000002 and parameters: {'beta': 6.0, 'alpha': 0.5}. Best is trial 4 with value: 0.9566666666666667.[0m


Number of total agents is:  22

Number of human agents is:  22

Number of machine agents (autonomous vehicles) is:  0

Number of total agents is:  22

Number of human agents is:  12

Number of machine agents (autonomous vehicles) is:  10

Going to start training
Testing: : 400it [01:15,  5.27it/s]                                                      
[32m[I 2025-07-31 23:40:57,722][0m Trial 53 finished with value: 1.1633333333333333 and parameters: {'beta': 6.0, 'alpha': 0.3}. Best is trial 4 with value: 0.9566666666666667.[0m


Number of total agents is:  22

Number of human agents is:  22

Number of machine agents (autonomous vehicles) is:  0

Number of total agents is:  22

Number of human agents is:  12

Number of machine agents (autonomous vehicles) is:  10

Going to start training
Testing: : 400it [01:10,  5.68it/s]                                                      
[32m[I 2025-07-31 23:42:18,358][0m Trial 54 finished with value: 0.9566666666666667 and parameters: {'beta': 0.1, 'alpha': 0.1}. Best is trial 4 with value: 0.9566666666666667.[0m


Number of total agents is:  22

Number of human agents is:  22

Number of machine agents (autonomous vehicles) is:  0

Number of total agents is:  22

Number of human agents is:  12

Number of machine agents (autonomous vehicles) is:  10

Going to start training
Testing: : 400it [01:14,  5.38it/s]                                                      
[32m[I 2025-07-31 23:43:43,738][0m Trial 55 finished with value: 1.045 and parameters: {'beta': 6.5, 'alpha': 0.2}. Best is trial 4 with value: 0.9566666666666667.[0m


Number of total agents is:  22

Number of human agents is:  22

Number of machine agents (autonomous vehicles) is:  0

Number of total agents is:  22

Number of human agents is:  12

Number of machine agents (autonomous vehicles) is:  10

Going to start training
Testing: : 400it [01:42,  3.90it/s]                                                      
[32m[I 2025-07-31 23:45:38,787][0m Trial 56 finished with value: 1.025 and parameters: {'beta': 3.5, 'alpha': 0.2}. Best is trial 4 with value: 0.9566666666666667.[0m


Number of total agents is:  22

Number of human agents is:  22

Number of machine agents (autonomous vehicles) is:  0

Number of total agents is:  22

Number of human agents is:  12

Number of machine agents (autonomous vehicles) is:  10

Going to start training
Testing: : 400it [02:30,  2.66it/s]                                                      
[32m[I 2025-07-31 23:48:21,380][0m Trial 57 finished with value: 1.0933333333333333 and parameters: {'beta': 6.5, 'alpha': 0.3}. Best is trial 4 with value: 0.9566666666666667.[0m


Number of total agents is:  22

Number of human agents is:  22

Number of machine agents (autonomous vehicles) is:  0

Number of total agents is:  22

Number of human agents is:  12

Number of machine agents (autonomous vehicles) is:  10

Going to start training
Testing: : 400it [01:16,  5.24it/s]                                                      
[32m[I 2025-07-31 23:49:47,900][0m Trial 58 finished with value: 1.1350000000000002 and parameters: {'beta': 4.0, 'alpha': 0.3}. Best is trial 4 with value: 0.9566666666666667.[0m


Number of total agents is:  22

Number of human agents is:  22

Number of machine agents (autonomous vehicles) is:  0

Number of total agents is:  22

Number of human agents is:  12

Number of machine agents (autonomous vehicles) is:  10

Going to start training
Testing: : 400it [01:17,  5.13it/s]                                                      
[32m[I 2025-07-31 23:51:19,878][0m Trial 59 finished with value: 1.155 and parameters: {'beta': 5.5, 'alpha': 0.1}. Best is trial 4 with value: 0.9566666666666667.[0m


Number of total agents is:  22

Number of human agents is:  22

Number of machine agents (autonomous vehicles) is:  0

Number of total agents is:  22

Number of human agents is:  12

Number of machine agents (autonomous vehicles) is:  10

Going to start training
Testing: : 400it [01:08,  5.83it/s]                                                      
[32m[I 2025-07-31 23:52:57,694][0m Trial 60 finished with value: 1.0366666666666666 and parameters: {'beta': 7.0, 'alpha': 0.2}. Best is trial 4 with value: 0.9566666666666667.[0m


Number of total agents is:  22

Number of human agents is:  22

Number of machine agents (autonomous vehicles) is:  0

Number of total agents is:  22

Number of human agents is:  12

Number of machine agents (autonomous vehicles) is:  10

Going to start training
Testing: : 400it [02:30,  2.66it/s]                                                      
[32m[I 2025-07-31 23:55:40,437][0m Trial 61 finished with value: 1.0083333333333333 and parameters: {'beta': 1.0, 'alpha': 0.2}. Best is trial 4 with value: 0.9566666666666667.[0m


Number of total agents is:  22

Number of human agents is:  22

Number of machine agents (autonomous vehicles) is:  0

Number of total agents is:  22

Number of human agents is:  12

Number of machine agents (autonomous vehicles) is:  10

Going to start training
Testing: : 400it [01:10,  5.64it/s]                                                      
[32m[I 2025-07-31 23:57:01,230][0m Trial 62 finished with value: 1.1649999999999998 and parameters: {'beta': 5.0, 'alpha': 0.3}. Best is trial 4 with value: 0.9566666666666667.[0m


Number of total agents is:  22

Number of human agents is:  22

Number of machine agents (autonomous vehicles) is:  0

Number of total agents is:  22

Number of human agents is:  12

Number of machine agents (autonomous vehicles) is:  10

Going to start training
Testing: : 400it [01:15,  5.30it/s]                                                      
[32m[I 2025-07-31 23:58:27,119][0m Trial 63 finished with value: 1.1483333333333334 and parameters: {'beta': 5.0, 'alpha': 0.1}. Best is trial 4 with value: 0.9566666666666667.[0m


Number of total agents is:  22

Number of human agents is:  22

Number of machine agents (autonomous vehicles) is:  0

Number of total agents is:  22

Number of human agents is:  12

Number of machine agents (autonomous vehicles) is:  10

Going to start training
Testing: : 400it [01:13,  5.44it/s]                                                      
[32m[I 2025-07-31 23:59:50,954][0m Trial 64 finished with value: 1.0616666666666668 and parameters: {'beta': 5.0, 'alpha': 0.2}. Best is trial 4 with value: 0.9566666666666667.[0m


Number of total agents is:  22

Number of human agents is:  22

Number of machine agents (autonomous vehicles) is:  0

Number of total agents is:  22

Number of human agents is:  12

Number of machine agents (autonomous vehicles) is:  10

Going to start training
Testing: : 400it [01:21,  4.89it/s]                                                      
[32m[I 2025-08-01 00:01:23,325][0m Trial 65 finished with value: 1.1300000000000001 and parameters: {'beta': 7.5, 'alpha': 0.4}. Best is trial 4 with value: 0.9566666666666667.[0m


Number of total agents is:  22

Number of human agents is:  22

Number of machine agents (autonomous vehicles) is:  0

Number of total agents is:  22

Number of human agents is:  12

Number of machine agents (autonomous vehicles) is:  10

Going to start training
Testing: : 400it [01:14,  5.38it/s]                                                      
[32m[I 2025-08-01 00:02:48,130][0m Trial 66 finished with value: 1.1466666666666667 and parameters: {'beta': 7.5, 'alpha': 0.3}. Best is trial 4 with value: 0.9566666666666667.[0m


Number of total agents is:  22

Number of human agents is:  22

Number of machine agents (autonomous vehicles) is:  0

Number of total agents is:  22

Number of human agents is:  12

Number of machine agents (autonomous vehicles) is:  10

Going to start training
Testing: : 400it [02:11,  3.05it/s]                                                      
[32m[I 2025-08-01 00:05:09,810][0m Trial 67 finished with value: 1.0083333333333333 and parameters: {'beta': 8.5, 'alpha': 0.4}. Best is trial 4 with value: 0.9566666666666667.[0m


Number of total agents is:  22

Number of human agents is:  22

Number of machine agents (autonomous vehicles) is:  0

Number of total agents is:  22

Number of human agents is:  12

Number of machine agents (autonomous vehicles) is:  10

Going to start training
Testing: : 400it [03:20,  1.99it/s]                                                      
[32m[I 2025-08-01 00:08:42,108][0m Trial 68 finished with value: 1.0333333333333334 and parameters: {'beta': 2.5, 'alpha': 0.5}. Best is trial 4 with value: 0.9566666666666667.[0m


Number of total agents is:  22

Number of human agents is:  22

Number of machine agents (autonomous vehicles) is:  0

Number of total agents is:  22

Number of human agents is:  12

Number of machine agents (autonomous vehicles) is:  10

Going to start training
Testing: : 400it [01:41,  3.93it/s]                                                      
[32m[I 2025-08-01 00:10:37,116][0m Trial 69 finished with value: 1.1016666666666668 and parameters: {'beta': 5.5, 'alpha': 0.2}. Best is trial 4 with value: 0.9566666666666667.[0m


Number of total agents is:  22

Number of human agents is:  22

Number of machine agents (autonomous vehicles) is:  0

Number of total agents is:  22

Number of human agents is:  12

Number of machine agents (autonomous vehicles) is:  10

Going to start training
Testing: : 400it [01:43,  3.88it/s]                                                      
[32m[I 2025-08-01 00:12:33,364][0m Trial 70 finished with value: 1.0983333333333334 and parameters: {'beta': 4.0, 'alpha': 0.5}. Best is trial 4 with value: 0.9566666666666667.[0m


Number of total agents is:  22

Number of human agents is:  22

Number of machine agents (autonomous vehicles) is:  0

Number of total agents is:  22

Number of human agents is:  12

Number of machine agents (autonomous vehicles) is:  10

Going to start training
Testing: : 400it [01:45,  3.79it/s]                                                      
[32m[I 2025-08-01 00:14:31,881][0m Trial 71 finished with value: 1.115 and parameters: {'beta': 7.0, 'alpha': 0.1}. Best is trial 4 with value: 0.9566666666666667.[0m


Number of total agents is:  22

Number of human agents is:  22

Number of machine agents (autonomous vehicles) is:  0

Number of total agents is:  22

Number of human agents is:  12

Number of machine agents (autonomous vehicles) is:  10

Going to start training
Testing: : 400it [01:41,  3.94it/s]                                                      
[32m[I 2025-08-01 00:16:26,531][0m Trial 72 finished with value: 1.1400000000000001 and parameters: {'beta': 5.0, 'alpha': 0.4}. Best is trial 4 with value: 0.9566666666666667.[0m


Number of total agents is:  22

Number of human agents is:  22

Number of machine agents (autonomous vehicles) is:  0

Number of total agents is:  22

Number of human agents is:  12

Number of machine agents (autonomous vehicles) is:  10

Going to start training
Testing: : 400it [01:42,  3.90it/s]                                                      
[32m[I 2025-08-01 00:18:22,421][0m Trial 73 finished with value: 1.1083333333333332 and parameters: {'beta': 9.5, 'alpha': 0.1}. Best is trial 4 with value: 0.9566666666666667.[0m


Number of total agents is:  22

Number of human agents is:  22

Number of machine agents (autonomous vehicles) is:  0

Number of total agents is:  22

Number of human agents is:  12

Number of machine agents (autonomous vehicles) is:  10

Going to start training
Testing: : 400it [02:00,  3.31it/s]                                                      
[32m[I 2025-08-01 00:20:37,287][0m Trial 74 finished with value: 1.1633333333333336 and parameters: {'beta': 4.0, 'alpha': 0.2}. Best is trial 4 with value: 0.9566666666666667.[0m


Number of total agents is:  22

Number of human agents is:  22

Number of machine agents (autonomous vehicles) is:  0

Number of total agents is:  22

Number of human agents is:  12

Number of machine agents (autonomous vehicles) is:  10

Going to start training
Testing: : 400it [02:25,  2.76it/s]                                                      
[32m[I 2025-08-01 00:23:21,466][0m Trial 75 finished with value: 1.0233333333333334 and parameters: {'beta': 3.5, 'alpha': 0.3}. Best is trial 4 with value: 0.9566666666666667.[0m


Number of total agents is:  22

Number of human agents is:  22

Number of machine agents (autonomous vehicles) is:  0

Number of total agents is:  22

Number of human agents is:  12

Number of machine agents (autonomous vehicles) is:  10

Going to start training
Testing: : 400it [01:35,  4.17it/s]                                                      
[32m[I 2025-08-01 00:25:14,251][0m Trial 76 finished with value: 1.1616666666666666 and parameters: {'beta': 9.0, 'alpha': 0.5}. Best is trial 4 with value: 0.9566666666666667.[0m


Number of total agents is:  22

Number of human agents is:  22

Number of machine agents (autonomous vehicles) is:  0

Number of total agents is:  22

Number of human agents is:  12

Number of machine agents (autonomous vehicles) is:  10

Going to start training
Testing: : 400it [01:10,  5.68it/s]                                                      
[32m[I 2025-08-01 00:26:35,295][0m Trial 77 finished with value: 1.115 and parameters: {'beta': 9.5, 'alpha': 0.5}. Best is trial 4 with value: 0.9566666666666667.[0m


Number of total agents is:  22

Number of human agents is:  22

Number of machine agents (autonomous vehicles) is:  0

Number of total agents is:  22

Number of human agents is:  12

Number of machine agents (autonomous vehicles) is:  10

Going to start training
Testing: : 400it [01:11,  5.57it/s]                                                      
[32m[I 2025-08-01 00:27:57,839][0m Trial 78 finished with value: 1.0933333333333333 and parameters: {'beta': 3.0, 'alpha': 0.4}. Best is trial 4 with value: 0.9566666666666667.[0m


Number of total agents is:  22

Number of human agents is:  22

Number of machine agents (autonomous vehicles) is:  0

Number of total agents is:  22

Number of human agents is:  12

Number of machine agents (autonomous vehicles) is:  10

Going to start training
Testing: : 400it [01:45,  3.80it/s]                                                      
[32m[I 2025-08-01 00:29:55,011][0m Trial 79 finished with value: 1.2083333333333335 and parameters: {'beta': 10.0, 'alpha': 0.1}. Best is trial 4 with value: 0.9566666666666667.[0m


Number of total agents is:  22

Number of human agents is:  22

Number of machine agents (autonomous vehicles) is:  0

Number of total agents is:  22

Number of human agents is:  12

Number of machine agents (autonomous vehicles) is:  10

Going to start training
Testing: : 400it [01:50,  3.63it/s]                                                      
