[32m[I 2025-08-01 00:32:02,797][0m Trial 80 finished with value: 1.0150000000000001 and parameters: {'beta': 7.5, 'alpha': 0.5}. Best is trial 4 with value: 0.9566666666666667.[0m


Number of total agents is:  22

Number of human agents is:  22

Number of machine agents (autonomous vehicles) is:  0

Number of total agents is:  22

Number of human agents is:  12

Number of machine agents (autonomous vehicles) is:  10

Going to start training
Testing: : 400it [21:25,  3.21s/it]                                                      
[32m[I 2025-08-01 00:53:41,758][0m Trial 81 finished with value: 1.1483333333333334 and parameters: {'beta': 4.5, 'alpha': 0.4}. Best is trial 4 with value: 0.9566666666666667.[0m


Number of total agents is:  22

Number of human agents is:  22

Number of machine agents (autonomous vehicles) is:  0

Number of total agents is:  22

Number of human agents is:  12

Number of machine agents (autonomous vehicles) is:  10

Going to start training
Testing: : 400it [01:08,  5.82it/s]                                                      
[32m[I 2025-08-01 00:55:00,305][0m Trial 82 finished with value: 1.0483333333333333 and parameters: {'beta': 7.0, 'alpha': 0.4}. Best is trial 4 with value: 0.9566666666666667.[0m


Number of total agents is:  22

Number of human agents is:  22

Number of machine agents (autonomous vehicles) is:  0

Number of total agents is:  22

Number of human agents is:  12

Number of machine agents (autonomous vehicles) is:  10

Going to start training
Testing: : 400it [01:07,  5.92it/s]                                                      
[32m[I 2025-08-01 00:56:17,732][0m Trial 83 finished with value: 0.9700000000000001 and parameters: {'beta': 2.0, 'alpha': 0.2}. Best is trial 4 with value: 0.9566666666666667.[0m


Number of total agents is:  22

Number of human agents is:  22

Number of machine agents (autonomous vehicles) is:  0

Number of total agents is:  22

Number of human agents is:  12

Number of machine agents (autonomous vehicles) is:  10

Going to start training
Testing: : 400it [01:21,  4.90it/s]                                                      
[32m[I 2025-08-01 00:57:49,349][0m Trial 84 finished with value: 1.0083333333333333 and parameters: {'beta': 8.0, 'alpha': 0.2}. Best is trial 4 with value: 0.9566666666666667.[0m


Number of total agents is:  22

Number of human agents is:  22

Number of machine agents (autonomous vehicles) is:  0

Number of total agents is:  22

Number of human agents is:  12

Number of machine agents (autonomous vehicles) is:  10

Going to start training
Testing: : 400it [01:37,  4.12it/s]                                                      
[32m[I 2025-08-01 00:59:39,278][0m Trial 85 finished with value: 1.1066666666666667 and parameters: {'beta': 9.0, 'alpha': 0.4}. Best is trial 4 with value: 0.9566666666666667.[0m


Number of total agents is:  22

Number of human agents is:  22

Number of machine agents (autonomous vehicles) is:  0

Number of total agents is:  22

Number of human agents is:  12

Number of machine agents (autonomous vehicles) is:  10

Going to start training
Testing: : 400it [01:31,  4.36it/s]                                                      
[32m[I 2025-08-01 01:01:23,434][0m Trial 86 finished with value: 0.9700000000000001 and parameters: {'beta': 2.0, 'alpha': 0.3}. Best is trial 4 with value: 0.9566666666666667.[0m


Number of total agents is:  22

Number of human agents is:  22

Number of machine agents (autonomous vehicles) is:  0

Number of total agents is:  22

Number of human agents is:  12

Number of machine agents (autonomous vehicles) is:  10

Going to start training
Testing: : 400it [01:46,  3.76it/s]                                                      
[32m[I 2025-08-01 01:03:22,150][0m Trial 87 finished with value: 1.17 and parameters: {'beta': 5.5, 'alpha': 0.5}. Best is trial 4 with value: 0.9566666666666667.[0m


Number of total agents is:  22

Number of human agents is:  22

Number of machine agents (autonomous vehicles) is:  0

Number of total agents is:  22

Number of human agents is:  12

Number of machine agents (autonomous vehicles) is:  10

Going to start training
Testing: : 400it [01:45,  3.77it/s]                                                      
[32m[I 2025-08-01 01:05:19,927][0m Trial 88 finished with value: 1.1116666666666668 and parameters: {'beta': 9.0, 'alpha': 0.2}. Best is trial 4 with value: 0.9566666666666667.[0m


Number of total agents is:  22

Number of human agents is:  22

Number of machine agents (autonomous vehicles) is:  0

Number of total agents is:  22

Number of human agents is:  12

Number of machine agents (autonomous vehicles) is:  10

Going to start training
Testing: : 400it [01:40,  3.99it/s]                                                      
[32m[I 2025-08-01 01:07:13,640][0m Trial 89 finished with value: 1.0316666666666667 and parameters: {'beta': 1.0, 'alpha': 0.4}. Best is trial 4 with value: 0.9566666666666667.[0m


Number of total agents is:  22

Number of human agents is:  22

Number of machine agents (autonomous vehicles) is:  0

Number of total agents is:  22

Number of human agents is:  12

Number of machine agents (autonomous vehicles) is:  10

Going to start training
Testing: : 400it [01:46,  3.74it/s]                                                      
[32m[I 2025-08-01 01:09:14,106][0m Trial 90 finished with value: 1.0883333333333334 and parameters: {'beta': 8.0, 'alpha': 0.3}. Best is trial 4 with value: 0.9566666666666667.[0m


Number of total agents is:  22

Number of human agents is:  22

Number of machine agents (autonomous vehicles) is:  0

Number of total agents is:  22

Number of human agents is:  12

Number of machine agents (autonomous vehicles) is:  10

Going to start training
Testing: : 400it [01:44,  3.83it/s]                                                      
[32m[I 2025-08-01 01:11:11,378][0m Trial 91 finished with value: 1.1400000000000001 and parameters: {'beta': 6.0, 'alpha': 0.1}. Best is trial 4 with value: 0.9566666666666667.[0m


Number of total agents is:  22

Number of human agents is:  22

Number of machine agents (autonomous vehicles) is:  0

Number of total agents is:  22

Number of human agents is:  12

Number of machine agents (autonomous vehicles) is:  10

Going to start training
Testing: : 400it [01:37,  4.08it/s]                                                      
[32m[I 2025-08-01 01:13:03,041][0m Trial 92 finished with value: 1.0883333333333334 and parameters: {'beta': 4.5, 'alpha': 0.5}. Best is trial 4 with value: 0.9566666666666667.[0m


Number of total agents is:  22

Number of human agents is:  22

Number of machine agents (autonomous vehicles) is:  0

Number of total agents is:  22

Number of human agents is:  12

Number of machine agents (autonomous vehicles) is:  10

Going to start training
Testing: : 400it [01:47,  3.71it/s]                                                      
[32m[I 2025-08-01 01:15:04,365][0m Trial 93 finished with value: 0.9816666666666667 and parameters: {'beta': 2.0, 'alpha': 0.5}. Best is trial 4 with value: 0.9566666666666667.[0m


Number of total agents is:  22

Number of human agents is:  22

Number of machine agents (autonomous vehicles) is:  0

Number of total agents is:  22

Number of human agents is:  12

Number of machine agents (autonomous vehicles) is:  10

Going to start training
Testing: : 400it [01:48,  3.69it/s]                                                      
[32m[I 2025-08-01 01:17:07,867][0m Trial 94 finished with value: 0.9766666666666668 and parameters: {'beta': 3.5, 'alpha': 0.4}. Best is trial 4 with value: 0.9566666666666667.[0m


Number of total agents is:  22

Number of human agents is:  22

Number of machine agents (autonomous vehicles) is:  0

Number of total agents is:  22

Number of human agents is:  12

Number of machine agents (autonomous vehicles) is:  10

Going to start training
Testing: : 400it [01:38,  4.06it/s]                                                      
[32m[I 2025-08-01 01:19:00,244][0m Trial 95 finished with value: 1.0033333333333334 and parameters: {'beta': 1.5, 'alpha': 0.5}. Best is trial 4 with value: 0.9566666666666667.[0m


Number of total agents is:  22

Number of human agents is:  22

Number of machine agents (autonomous vehicles) is:  0

Number of total agents is:  22

Number of human agents is:  12

Number of machine agents (autonomous vehicles) is:  10

Going to start training
Testing: : 400it [01:44,  3.82it/s]                                                      
[32m[I 2025-08-01 01:20:58,288][0m Trial 96 finished with value: 1.1233333333333335 and parameters: {'beta': 7.5, 'alpha': 0.2}. Best is trial 4 with value: 0.9566666666666667.[0m


Number of total agents is:  22

Number of human agents is:  22

Number of machine agents (autonomous vehicles) is:  0

Number of total agents is:  22

Number of human agents is:  12

Number of machine agents (autonomous vehicles) is:  10

Going to start training
Testing: : 400it [01:33,  4.27it/s]                                                      
[32m[I 2025-08-01 01:22:46,462][0m Trial 97 finished with value: 0.9566666666666667 and parameters: {'beta': 0.1, 'alpha': 0.2}. Best is trial 4 with value: 0.9566666666666667.[0m


Number of total agents is:  22

Number of human agents is:  22

Number of machine agents (autonomous vehicles) is:  0

Number of total agents is:  22

Number of human agents is:  12

Number of machine agents (autonomous vehicles) is:  10

Going to start training
Testing: : 400it [01:54,  3.51it/s]                                                      
[32m[I 2025-08-01 01:24:52,438][0m Trial 98 finished with value: 1.1583333333333332 and parameters: {'beta': 10.0, 'alpha': 0.4}. Best is trial 4 with value: 0.9566666666666667.[0m


Number of total agents is:  22

Number of human agents is:  22

Number of machine agents (autonomous vehicles) is:  0

Number of total agents is:  22

Number of human agents is:  12

Number of machine agents (autonomous vehicles) is:  10

Going to start training
Testing: : 400it [01:47,  3.74it/s]                                                      
[32m[I 2025-08-01 01:26:53,627][0m Trial 99 finished with value: 1.1833333333333331 and parameters: {'beta': 4.5, 'alpha': 0.1}. Best is trial 4 with value: 0.9566666666666667.[0m


Best trial:
  Value: 0.9566666666666667
  Params:
    beta: 0.5
    alpha: 0.5
